{
  "Unknown Test Framework": {
    "coverage": {
      "/home/arun/Documents/Url-deploy/app/controllers/application_controller.rb": [
        0,
        0,
        0,
        0,
        null,
        null,
        0
      ],
      "/home/arun/Documents/Url-deploy/app/controllers/concerns/current_user_concern.rb": [
        0,
        0,
        null,
        0,
        0,
        0,
        null,
        0,
        0,
        0,
        0,
        0,
        null,
        null,
        null,
        null,
        null,
        null,
        0
      ],
      "/home/arun/Documents/Url-deploy/app/controllers/file_controller.rb": [
        0,
        0,
        0,
        0,
        null,
        0,
        0,
        0,
        0,
        0,
        0,
        0,
        0,
        null,
        0,
        0,
        0,
        0,
        0,
        0,
        0,
        0,
        0,
        0,
        0,
        0,
        0,
        0,
        0,
        0,
        0,
        null,
        0,
        0,
        0,
        0,
        0,
        0,
        0,
        0,
        0,
        0,
        0,
        0,
        0,
        0,
        null,
        0,
        0,
        0,
        0,
        0,
        0,
        0,
        0,
        0,
        0,
        0,
        0,
        0,
        0,
        0,
        0,
        0,
        0,
        0,
        0,
        0,
        0,
        0,
        0,
        0,
        null,
        0,
        0,
        0,
        0,
        0,
        0,
        0,
        0,
        0,
        0,
        0,
        0,
        0,
        0,
        0,
        0,
        0,
        0,
        null,
        0,
        0,
        0,
        0,
        0,
        0,
        0,
        0,
        0,
        0,
        0,
        0,
        0,
        0,
        0,
        0,
        0,
        0,
        0,
        0,
        0,
        0,
        0,
        0,
        null,
        0,
        0,
        0,
        0,
        null,
        0,
        0,
        0,
        0,
        0,
        0,
        0,
        0,
        0,
        0,
        0,
        0,
        0,
        0,
        0,
        0,
        0,
        0,
        0,
        0,
        0,
        0,
        null,
        0,
        0,
        0,
        0,
        0,
        0,
        0,
        0,
        0,
        0,
        0,
        0,
        0,
        0,
        0,
        0,
        0,
        0,
        0,
        0,
        0,
        0,
        0,
        0,
        0,
        0,
        0,
        0,
        0,
        0,
        null,
        0,
        null,
        0,
        0,
        0,
        0
      ],
      "/home/arun/Documents/Url-deploy/app/controllers/home_controller.rb": [
        0,
        0,
        0,
        0,
        0,
        0,
        0,
        0,
        0,
        0,
        0,
        0,
        0,
        null,
        0,
        0,
        0,
        0,
        0,
        0,
        null,
        0,
        0,
        0,
        0,
        0,
        0,
        null,
        0,
        0,
        0,
        0,
        0,
        0,
        0,
        null,
        0,
        0,
        0,
        0,
        null,
        0,
        0,
        0,
        0,
        0,
        0,
        0,
        0,
        0,
        0,
        0,
        0,
        0,
        0,
        null,
        0,
        0,
        0,
        0,
        0,
        0,
        0,
        0,
        0,
        0,
        0,
        0,
        0,
        0,
        0,
        0,
        null,
        0,
        0,
        null,
        0,
        0,
        null,
        0,
        0,
        0,
        0,
        0,
        0,
        null,
        0,
        0,
        0,
        0,
        0,
        0,
        null,
        0,
        0,
        0,
        0,
        0,
        0,
        0,
        null,
        0,
        0,
        0,
        0,
        0,
        0,
        0,
        0,
        0,
        0,
        0,
        0,
        0,
        0,
        0,
        null,
        0,
        0,
        0,
        null,
        null,
        0,
        0,
        0,
        0,
        0,
        0,
        0,
        0,
        null,
        0,
        0,
        0,
        null,
        null,
        null,
        null,
        null,
        null,
        null,
        null,
        null,
        null,
        null,
        null,
        null,
        null,
        null,
        null,
        null,
        null,
        null,
        null,
        null,
        null,
        null,
        0
      ],
      "/home/arun/Documents/Url-deploy/app/controllers/reset_password_controller.rb": [
        0,
        0,
        0,
        0,
        0,
        0,
        0,
        0,
        0,
        0,
        0,
        0,
        0,
        0,
        0,
        null,
        0,
        0,
        0,
        0,
        0,
        0,
        0,
        0,
        0,
        0,
        null,
        0,
        0,
        0,
        null,
        0,
        0,
        0,
        0,
        0,
        0,
        0
      ],
      "/home/arun/Documents/Url-deploy/app/controllers/user_controller.rb": [
        0,
        0,
        0,
        0,
        null,
        0,
        0,
        0,
        0,
        null,
        0,
        0,
        0,
        0,
        0,
        0,
        0,
        0,
        0,
        0,
        null,
        0,
        0,
        null,
        0,
        0,
        0,
        0,
        0,
        null,
        0,
        0,
        0,
        null,
        0,
        0,
        0,
        0,
        null,
        0,
        0,
        0,
        0,
        0,
        0,
        0,
        0,
        0,
        0,
        null,
        0,
        null,
        0,
        0,
        0,
        0
      ],
      "/home/arun/Documents/Url-deploy/app/helpers/application_helper.rb": [
        0,
        0
      ],
      "/home/arun/Documents/Url-deploy/app/helpers/registration_helper.rb": [
        0,
        0
      ],
      "/home/arun/Documents/Url-deploy/app/helpers/reset_password_helper.rb": [
        0,
        0
      ],
      "/home/arun/Documents/Url-deploy/app/helpers/sessions_helper.rb": [
        0,
        0
      ],
      "/home/arun/Documents/Url-deploy/app/helpers/user_helper.rb": [
        0,
        0
      ],
      "/home/arun/Documents/Url-deploy/app/jobs/application_job.rb": [
        0,
        0,
        null,
        null,
        null,
        null,
        null,
        null,
        0
      ],
      "/home/arun/Documents/Url-deploy/app/jobs/file_handle_job.rb": [
        0,
        0,
        0,
        null,
        0,
        0,
        0,
        0,
        0,
        0,
        0,
        0,
        0,
        0,
        0,
        0,
        0,
        0,
        0,
        0,
        0,
        0,
        0,
        0,
        0,
        0,
        0
      ],
      "/home/arun/Documents/Url-deploy/app/mailers/application_mailer.rb": [
        0,
        0,
        0,
        0
      ],
      "/home/arun/Documents/Url-deploy/app/mailers/user_mailer.rb": [
        0,
        null,
        null,
        0,
        0,
        0,
        0,
        0,
        0,
        0
      ],
      "/home/arun/Documents/Url-deploy/app/models/application_record.rb": [
        0,
        0,
        0
      ],
      "/home/arun/Documents/Url-deploy/app/models/short_url.rb": [
        0,
        0,
        0,
        null,
        0
      ],
      "/home/arun/Documents/Url-deploy/app/models/url_file.rb": [
        0,
        0,
        0
      ],
      "/home/arun/Documents/Url-deploy/app/models/user.rb": [
        0,
        0,
        null,
        0,
        0,
        0,
        0,
        0,
        null,
        0,
        null,
        0,
        0,
        0
      ],
      "/home/arun/Documents/Url-deploy/app/pdfs/short_url_pdf.rb": [
        0,
        0,
        0,
        0,
        0,
        0,
        0,
        null,
        0,
        0,
        0,
        0,
        0,
        0,
        0,
        0,
        0,
        null,
        0,
        0,
        0,
        0,
        0,
        0,
        0,
        0
      ],
      "/home/arun/Documents/Url-deploy/app/pdfs/users_pdf.rb": [
        0,
        0,
        0,
        0,
        0,
        0,
        null,
        null,
        0,
        0,
        0,
        0,
        0,
        0,
        0
      ]
    },
    "timestamp": 1705043747
  },
  "RSpec": {
    "coverage": {
      "/home/arun/Desktop/url_shortner/spec/models/short_url_spec.rb": [
        1,
        1,
        null,
        1,
        null,
        1,
        null,
        1,
        1,
        1,
        null,
        null,
        1,
        null,
        1,
        1,
        null,
        null,
        1,
        null,
        1,
        1,
        null,
        null,
        null,
        1,
        null,
        1,
        1,
        1,
        null,
        null,
        null,
        null,
        1,
        null,
        1,
        1,
        1,
        null,
        1,
        1,
        1,
        null,
        1,
        null,
        null,
        null
      ],
      "/home/arun/Desktop/url_shortner/spec/models/user_spec.rb": [
        1,
        null,
        1,
        1,
        1,
        1,
        1,
        1,
        1,
        null,
        null,
        null,
        1,
        1,
        1,
        1,
        1,
        null,
        1,
        null,
        null,
        null,
        1,
        1,
        1,
        1,
        null,
        1,
        null,
        null,
        null,
        1,
        1,
        1,
        1,
        null,
        1,
        null,
        null,
        null
      ],
      "/home/arun/Desktop/url_shortner/app/models/user.rb": [
        1,
        1,
        null,
        1,
        1,
        null,
        null,
        null,
        null,
        1,
        null,
        1,
        null,
        null
      ],
      "/home/arun/Desktop/url_shortner/app/models/application_record.rb": [
        1,
        1,
        null
      ]
    },
    "timestamp": 1702376646
  }
}
